C:\USERS\IEVGEN.ANDRUSHCHAK\DROPBOX\PROJECTS\SELECTEDTEXTTRANSLATE\SELECTEDTEXTTRANSLATE\JSONCPP\BUILD\VS71\RELEASE\LIB_JSON\JSON_WRITER.OBJ
C:\USERS\IEVGEN.ANDRUSHCHAK\DROPBOX\PROJECTS\SELECTEDTEXTTRANSLATE\SELECTEDTEXTTRANSLATE\JSONCPP\BUILD\VS71\RELEASE\LIB_JSON\JSON_VALUE.OBJ
C:\USERS\IEVGEN.ANDRUSHCHAK\DROPBOX\PROJECTS\SELECTEDTEXTTRANSLATE\SELECTEDTEXTTRANSLATE\JSONCPP\BUILD\VS71\RELEASE\LIB_JSON\JSON_READER.OBJ
C:\USERS\IEVGEN.ANDRUSHCHAK\DROPBOX\PROJECTS\SELECTEDTEXTTRANSLATE\SELECTEDTEXTTRANSLATE\JSONCPP\BUILD\VS71\RELEASE\LIB_JSON\VC110.PDB
C:\Users\ievgen.andrushchak\Dropbox\Projects\SelectedTextTranslate\SelectedTextTranslate\jsoncpp\build\vs71\release\lib_json\lib_json.lib
C:\Users\ievgen.andrushchak\Dropbox\Projects\SelectedTextTranslate\SelectedTextTranslate\jsoncpp\build\vs71\release\lib_json\lib_json.exp
C:\USERS\IEVGEN.ANDRUSHCHAK\DROPBOX\PROJECTS\SELECTEDTEXTTRANSLATE\SELECTEDTEXTTRANSLATE\JSONCPP\BUILD\VS71\RELEASE\LIB_JSON\LIB_JSON.DLL
C:\USERS\IEVGEN.ANDRUSHCHAK\DROPBOX\PROJECTS\SELECTEDTEXTTRANSLATE\SELECTEDTEXTTRANSLATE\JSONCPP\BUILD\VS71\RELEASE\LIB_JSON\JSON_READER.ASM
C:\USERS\IEVGEN.ANDRUSHCHAK\DROPBOX\PROJECTS\SELECTEDTEXTTRANSLATE\SELECTEDTEXTTRANSLATE\JSONCPP\BUILD\VS71\RELEASE\LIB_JSON\JSON_VALUE.ASM
C:\USERS\IEVGEN.ANDRUSHCHAK\DROPBOX\PROJECTS\SELECTEDTEXTTRANSLATE\SELECTEDTEXTTRANSLATE\JSONCPP\BUILD\VS71\RELEASE\LIB_JSON\JSON_WRITER.ASM
C:\Users\ievgen.andrushchak\Dropbox\Projects\SelectedTextTranslate\SelectedTextTranslate\jsoncpp\build\vs71\release\lib_json\json_reader.obj
C:\Users\ievgen.andrushchak\Dropbox\Projects\SelectedTextTranslate\SelectedTextTranslate\jsoncpp\build\vs71\release\lib_json\json_value.obj
C:\Users\ievgen.andrushchak\Dropbox\Projects\SelectedTextTranslate\SelectedTextTranslate\jsoncpp\build\vs71\release\lib_json\json_writer.obj
C:\Users\ievgen.andrushchak\Dropbox\Projects\SelectedTextTranslate\SelectedTextTranslate\jsoncpp\build\vs71\release\lib_json\cl.command.1.tlog
C:\Users\ievgen.andrushchak\Dropbox\Projects\SelectedTextTranslate\SelectedTextTranslate\jsoncpp\build\vs71\release\lib_json\CL.read.1.tlog
C:\Users\ievgen.andrushchak\Dropbox\Projects\SelectedTextTranslate\SelectedTextTranslate\jsoncpp\build\vs71\release\lib_json\CL.write.1.tlog
C:\Users\ievgen.andrushchak\Dropbox\Projects\SelectedTextTranslate\SelectedTextTranslate\jsoncpp\build\vs71\release\lib_json\lib_json.write.1.tlog
C:\Users\ievgen.andrushchak\Dropbox\Projects\SelectedTextTranslate\SelectedTextTranslate\jsoncpp\build\vs71\release\lib_json\link-cvtres.read.1.tlog
C:\Users\ievgen.andrushchak\Dropbox\Projects\SelectedTextTranslate\SelectedTextTranslate\jsoncpp\build\vs71\release\lib_json\link-cvtres.write.1.tlog
C:\Users\ievgen.andrushchak\Dropbox\Projects\SelectedTextTranslate\SelectedTextTranslate\jsoncpp\build\vs71\release\lib_json\link-rc.read.1.tlog
C:\Users\ievgen.andrushchak\Dropbox\Projects\SelectedTextTranslate\SelectedTextTranslate\jsoncpp\build\vs71\release\lib_json\link-rc.write.1.tlog
C:\Users\ievgen.andrushchak\Dropbox\Projects\SelectedTextTranslate\SelectedTextTranslate\jsoncpp\build\vs71\release\lib_json\link.command.1.tlog
C:\Users\ievgen.andrushchak\Dropbox\Projects\SelectedTextTranslate\SelectedTextTranslate\jsoncpp\build\vs71\release\lib_json\link.read.1.tlog
C:\Users\ievgen.andrushchak\Dropbox\Projects\SelectedTextTranslate\SelectedTextTranslate\jsoncpp\build\vs71\release\lib_json\link.read.2.tlog
C:\Users\ievgen.andrushchak\Dropbox\Projects\SelectedTextTranslate\SelectedTextTranslate\jsoncpp\build\vs71\release\lib_json\link.read.3.tlog
C:\Users\ievgen.andrushchak\Dropbox\Projects\SelectedTextTranslate\SelectedTextTranslate\jsoncpp\build\vs71\release\lib_json\link.read.4.tlog
C:\Users\ievgen.andrushchak\Dropbox\Projects\SelectedTextTranslate\SelectedTextTranslate\jsoncpp\build\vs71\release\lib_json\link.read.5.tlog
C:\Users\ievgen.andrushchak\Dropbox\Projects\SelectedTextTranslate\SelectedTextTranslate\jsoncpp\build\vs71\release\lib_json\link.write.1.tlog
C:\Users\ievgen.andrushchak\Dropbox\Projects\SelectedTextTranslate\SelectedTextTranslate\jsoncpp\build\vs71\release\lib_json\link.write.5.tlog
C:\Users\ievgen.andrushchak\Dropbox\Projects\SelectedTextTranslate\SelectedTextTranslate\jsoncpp\build\vs71\release\lib_json\vc110.pdb
C:\Users\ievgen.andrushchak\Dropbox\Projects\SelectedTextTranslate\SelectedTextTranslate\jsoncpp\makefiles\vs71\../../build/vs71/release/lib_json\lib_json.dll
