c:\users\ievgen.andrushchak\dropbox\projects\selectedtexttranslate\selectedtexttranslate\jsoncpp\build\vs71\debug\lib_json\json_reader.obj
c:\users\ievgen.andrushchak\dropbox\projects\selectedtexttranslate\selectedtexttranslate\jsoncpp\build\vs71\debug\lib_json\json_reader.asm
c:\users\ievgen.andrushchak\dropbox\projects\selectedtexttranslate\selectedtexttranslate\jsoncpp\build\vs71\debug\lib_json\json_value.obj
c:\users\ievgen.andrushchak\dropbox\projects\selectedtexttranslate\selectedtexttranslate\jsoncpp\build\vs71\debug\lib_json\json_value.asm
c:\users\ievgen.andrushchak\dropbox\projects\selectedtexttranslate\selectedtexttranslate\jsoncpp\build\vs71\debug\lib_json\json_writer.obj
c:\users\ievgen.andrushchak\dropbox\projects\selectedtexttranslate\selectedtexttranslate\jsoncpp\build\vs71\debug\lib_json\json_writer.asm
c:\users\ievgen.andrushchak\dropbox\projects\selectedtexttranslate\selectedtexttranslate\jsoncpp\build\vs71\debug\lib_json\vc110.pdb
c:\users\ievgen.andrushchak\dropbox\projects\selectedtexttranslate\selectedtexttranslate\jsoncpp\build\vs71\debug\lib_json\lib_json.lib
c:\users\ievgen.andrushchak\dropbox\projects\selectedtexttranslate\selectedtexttranslate\jsoncpp\build\vs71\debug\lib_json\lib_json.exp
c:\users\ievgen.andrushchak\dropbox\projects\selectedtexttranslate\selectedtexttranslate\jsoncpp\build\vs71\debug\lib_json\lib_json.dll
c:\users\евгений\dropbox\projects\selectedtexttranslate\selectedtexttranslate\jsoncpp\build\vs71\debug\lib_json\vc120.pdb
c:\users\евгений\dropbox\projects\selectedtexttranslate\selectedtexttranslate\jsoncpp\build\vs71\debug\lib_json\vc120.idb
c:\users\евгений\dropbox\projects\selectedtexttranslate\selectedtexttranslate\jsoncpp\build\vs71\debug\lib_json\json_reader.obj
c:\users\евгений\dropbox\projects\selectedtexttranslate\selectedtexttranslate\jsoncpp\build\vs71\debug\lib_json\json_reader.asm
c:\users\евгений\dropbox\projects\selectedtexttranslate\selectedtexttranslate\jsoncpp\build\vs71\debug\lib_json\json_value.obj
c:\users\евгений\dropbox\projects\selectedtexttranslate\selectedtexttranslate\jsoncpp\build\vs71\debug\lib_json\json_value.asm
c:\users\евгений\dropbox\projects\selectedtexttranslate\selectedtexttranslate\jsoncpp\build\vs71\debug\lib_json\json_writer.obj
c:\users\евгений\dropbox\projects\selectedtexttranslate\selectedtexttranslate\jsoncpp\build\vs71\debug\lib_json\json_writer.asm
c:\users\евгений\dropbox\projects\selectedtexttranslate\selectedtexttranslate\jsoncpp\build\vs71\debug\lib_json\lib_json.lib
c:\users\евгений\dropbox\projects\selectedtexttranslate\selectedtexttranslate\jsoncpp\build\vs71\debug\lib_json\lib_json.exp
c:\users\евгений\dropbox\projects\selectedtexttranslate\selectedtexttranslate\jsoncpp\build\vs71\debug\lib_json\lib_json.dll
c:\dropbox\текстовики\projects\selectedtexttranslate\selectedtexttranslate\jsoncpp\build\vs71\debug\lib_json\json_reader.obj
c:\dropbox\текстовики\projects\selectedtexttranslate\selectedtexttranslate\jsoncpp\build\vs71\debug\lib_json\json_value.obj
c:\dropbox\текстовики\projects\selectedtexttranslate\selectedtexttranslate\jsoncpp\build\vs71\debug\lib_json\json_writer.obj
c:\dropbox\текстовики\projects\selectedtexttranslate\selectedtexttranslate\jsoncpp\build\vs71\debug\lib_json\cl.command.1.tlog
c:\dropbox\текстовики\projects\selectedtexttranslate\selectedtexttranslate\jsoncpp\build\vs71\debug\lib_json\cl.read.1.tlog
c:\dropbox\текстовики\projects\selectedtexttranslate\selectedtexttranslate\jsoncpp\build\vs71\debug\lib_json\cl.read.2.tlog
c:\dropbox\текстовики\projects\selectedtexttranslate\selectedtexttranslate\jsoncpp\build\vs71\debug\lib_json\cl.read.3.tlog
c:\dropbox\текстовики\projects\selectedtexttranslate\selectedtexttranslate\jsoncpp\build\vs71\debug\lib_json\cl.read.4.tlog
c:\dropbox\текстовики\projects\selectedtexttranslate\selectedtexttranslate\jsoncpp\build\vs71\debug\lib_json\cl.read.5.tlog
c:\dropbox\текстовики\projects\selectedtexttranslate\selectedtexttranslate\jsoncpp\build\vs71\debug\lib_json\cl.write.1.tlog
c:\dropbox\текстовики\projects\selectedtexttranslate\selectedtexttranslate\jsoncpp\build\vs71\debug\lib_json\lib_json.write.1.tlog
c:\dropbox\текстовики\projects\selectedtexttranslate\selectedtexttranslate\jsoncpp\build\vs71\debug\lib_json\link-cvtres.read.1.tlog
c:\dropbox\текстовики\projects\selectedtexttranslate\selectedtexttranslate\jsoncpp\build\vs71\debug\lib_json\link-cvtres.write.1.tlog
c:\dropbox\текстовики\projects\selectedtexttranslate\selectedtexttranslate\jsoncpp\build\vs71\debug\lib_json\link-rc.read.1.tlog
c:\dropbox\текстовики\projects\selectedtexttranslate\selectedtexttranslate\jsoncpp\build\vs71\debug\lib_json\link-rc.write.1.tlog
c:\dropbox\текстовики\projects\selectedtexttranslate\selectedtexttranslate\jsoncpp\build\vs71\debug\lib_json\link.command.1.tlog
c:\dropbox\текстовики\projects\selectedtexttranslate\selectedtexttranslate\jsoncpp\build\vs71\debug\lib_json\link.read.1.tlog
c:\dropbox\текстовики\projects\selectedtexttranslate\selectedtexttranslate\jsoncpp\build\vs71\debug\lib_json\link.write.1.tlog
c:\dropbox\текстовики\projects\selectedtexttranslate\selectedtexttranslate\jsoncpp\build\vs71\debug\lib_json\lib_json.exp
c:\dropbox\текстовики\projects\selectedtexttranslate\selectedtexttranslate\jsoncpp\build\vs71\debug\lib_json\vc110.idb
c:\dropbox\текстовики\projects\selectedtexttranslate\selectedtexttranslate\jsoncpp\build\vs71\debug\lib_json\vc110.pdb
c:\dropbox\текстовики\projects\selectedtexttranslate\selectedtexttranslate\jsoncpp\makefiles\vs71\../../build/vs71/debug/lib_json\lib_json.dll
c:\dropbox\текстовики\projects\selectedtexttranslate\selectedtexttranslate\jsoncpp\build\vs71\debug\lib_json\lib_json.tlog\cl.command.1.tlog
c:\dropbox\текстовики\projects\selectedtexttranslate\selectedtexttranslate\jsoncpp\build\vs71\debug\lib_json\lib_json.tlog\cl.read.1.tlog
c:\dropbox\текстовики\projects\selectedtexttranslate\selectedtexttranslate\jsoncpp\build\vs71\debug\lib_json\lib_json.tlog\cl.read.2.tlog
c:\dropbox\текстовики\projects\selectedtexttranslate\selectedtexttranslate\jsoncpp\build\vs71\debug\lib_json\lib_json.tlog\cl.read.3.tlog
c:\dropbox\текстовики\projects\selectedtexttranslate\selectedtexttranslate\jsoncpp\build\vs71\debug\lib_json\lib_json.tlog\cl.read.4.tlog
c:\dropbox\текстовики\projects\selectedtexttranslate\selectedtexttranslate\jsoncpp\build\vs71\debug\lib_json\lib_json.tlog\cl.read.5.tlog
c:\dropbox\текстовики\projects\selectedtexttranslate\selectedtexttranslate\jsoncpp\build\vs71\debug\lib_json\lib_json.tlog\cl.write.1.tlog
c:\dropbox\текстовики\projects\selectedtexttranslate\selectedtexttranslate\jsoncpp\build\vs71\debug\lib_json\lib_json.tlog\lib_json.write.1u.tlog
c:\dropbox\текстовики\projects\selectedtexttranslate\selectedtexttranslate\jsoncpp\build\vs71\debug\lib_json\lib_json.tlog\link.command.1.tlog
c:\dropbox\текстовики\projects\selectedtexttranslate\selectedtexttranslate\jsoncpp\build\vs71\debug\lib_json\lib_json.tlog\link.read.1.tlog
c:\dropbox\текстовики\projects\selectedtexttranslate\selectedtexttranslate\jsoncpp\build\vs71\debug\lib_json\lib_json.tlog\link.write.1.tlog
