Build started 1/4/2014 9:08:36 PM.
     1>Project "C:\Users\Евгений\Dropbox\Projects\SelectedTextTranslate\SelectedTextTranslate\jsoncpp\makefiles\vs71\lib_json.vcxproj" on node 2 (Rebuild target(s)).
     1>ClCompile:
         C:\Program Files (x86)\Microsoft Visual Studio 12.0\VC\bin\CL.exe /c /I../../include /ZI /nologo /W3 /WX- /Od /Oy- /D WIN32 /D _DEBUG /D JSON_DLL_BUILD /D _LIB /D _WINDLL /D _MBCS /GF /Gm /EHsc /RTC1 /MDd /GS /Gy /fp:precise /Za /Zc:wchar_t /Zc:forScope- /GR /FAs /Fa"../../build/vs71/debug/lib_json\\" /Fo"../../build/vs71/debug/lib_json\\" /Fd"../../build/vs71/debug/lib_json\vc120.pdb" /Gd /TP /analyze- /errorReport:prompt ..\..\src\lib_json\json_reader.cpp ..\..\src\lib_json\json_value.cpp ..\..\src\lib_json\json_writer.cpp
         json_writer.cpp
     1>c:\users\евгений\dropbox\projects\selectedtexttranslate\selectedtexttranslate\jsoncpp\include\json\writer.h(43): warning C4251: 'Json::FastWriter::document_' : class 'std::basic_string<char,std::char_traits<char>,std::allocator<char>>' needs to have dll-interface to be used by clients of class 'Json::FastWriter'
     1>c:\users\евгений\dropbox\projects\selectedtexttranslate\selectedtexttranslate\jsoncpp\include\json\writer.h(94): warning C4251: 'Json::StyledWriter::childValues_' : class 'std::vector<std::string,std::allocator<_Ty>>' needs to have dll-interface to be used by clients of class 'Json::StyledWriter'
                 with
                 [
                     _Ty=std::string
                 ]
     1>c:\users\евгений\dropbox\projects\selectedtexttranslate\selectedtexttranslate\jsoncpp\include\json\writer.h(95): warning C4251: 'Json::StyledWriter::document_' : class 'std::basic_string<char,std::char_traits<char>,std::allocator<char>>' needs to have dll-interface to be used by clients of class 'Json::StyledWriter'
     1>c:\users\евгений\dropbox\projects\selectedtexttranslate\selectedtexttranslate\jsoncpp\include\json\writer.h(96): warning C4251: 'Json::StyledWriter::indentString_' : class 'std::basic_string<char,std::char_traits<char>,std::allocator<char>>' needs to have dll-interface to be used by clients of class 'Json::StyledWriter'
     1>c:\users\евгений\dropbox\projects\selectedtexttranslate\selectedtexttranslate\jsoncpp\include\json\writer.h(152): warning C4251: 'Json::StyledStreamWriter::childValues_' : class 'std::vector<std::string,std::allocator<_Ty>>' needs to have dll-interface to be used by clients of class 'Json::StyledStreamWriter'
                 with
                 [
                     _Ty=std::string
                 ]
     1>c:\users\евгений\dropbox\projects\selectedtexttranslate\selectedtexttranslate\jsoncpp\include\json\writer.h(154): warning C4251: 'Json::StyledStreamWriter::indentString_' : class 'std::basic_string<char,std::char_traits<char>,std::allocator<char>>' needs to have dll-interface to be used by clients of class 'Json::StyledStreamWriter'
     1>c:\users\евгений\dropbox\projects\selectedtexttranslate\selectedtexttranslate\jsoncpp\include\json\writer.h(156): warning C4251: 'Json::StyledStreamWriter::indentation_' : class 'std::basic_string<char,std::char_traits<char>,std::allocator<char>>' needs to have dll-interface to be used by clients of class 'Json::StyledStreamWriter'
         json_value.cpp
     1>c:\users\евгений\dropbox\projects\selectedtexttranslate\selectedtexttranslate\jsoncpp\include\json\writer.h(43): warning C4251: 'Json::FastWriter::document_' : class 'std::basic_string<char,std::char_traits<char>,std::allocator<char>>' needs to have dll-interface to be used by clients of class 'Json::FastWriter'
     1>c:\users\евгений\dropbox\projects\selectedtexttranslate\selectedtexttranslate\jsoncpp\include\json\writer.h(94): warning C4251: 'Json::StyledWriter::childValues_' : class 'std::vector<std::string,std::allocator<_Ty>>' needs to have dll-interface to be used by clients of class 'Json::StyledWriter'
                 with
                 [
                     _Ty=std::string
                 ]
     1>c:\users\евгений\dropbox\projects\selectedtexttranslate\selectedtexttranslate\jsoncpp\include\json\writer.h(95): warning C4251: 'Json::StyledWriter::document_' : class 'std::basic_string<char,std::char_traits<char>,std::allocator<char>>' needs to have dll-interface to be used by clients of class 'Json::StyledWriter'
     1>c:\users\евгений\dropbox\projects\selectedtexttranslate\selectedtexttranslate\jsoncpp\include\json\writer.h(96): warning C4251: 'Json::StyledWriter::indentString_' : class 'std::basic_string<char,std::char_traits<char>,std::allocator<char>>' needs to have dll-interface to be used by clients of class 'Json::StyledWriter'
     1>c:\users\евгений\dropbox\projects\selectedtexttranslate\selectedtexttranslate\jsoncpp\include\json\writer.h(152): warning C4251: 'Json::StyledStreamWriter::childValues_' : class 'std::vector<std::string,std::allocator<_Ty>>' needs to have dll-interface to be used by clients of class 'Json::StyledStreamWriter'
                 with
                 [
                     _Ty=std::string
                 ]
     1>c:\users\евгений\dropbox\projects\selectedtexttranslate\selectedtexttranslate\jsoncpp\include\json\writer.h(154): warning C4251: 'Json::StyledStreamWriter::indentString_' : class 'std::basic_string<char,std::char_traits<char>,std::allocator<char>>' needs to have dll-interface to be used by clients of class 'Json::StyledStreamWriter'
     1>c:\users\евгений\dropbox\projects\selectedtexttranslate\selectedtexttranslate\jsoncpp\include\json\writer.h(156): warning C4251: 'Json::StyledStreamWriter::indentation_' : class 'std::basic_string<char,std::char_traits<char>,std::allocator<char>>' needs to have dll-interface to be used by clients of class 'Json::StyledStreamWriter'
         json_reader.cpp
     1>c:\users\евгений\dropbox\projects\selectedtexttranslate\selectedtexttranslate\jsoncpp\include\json\reader.h(155): warning C4251: 'Json::Reader::nodes_' : class 'std::stack<Json::Value *,std::deque<_Ty,std::allocator<_Ty>>>' needs to have dll-interface to be used by clients of class 'Json::Reader'
                 with
                 [
                     _Ty=Json::Value *
                 ]
     1>c:\users\евгений\dropbox\projects\selectedtexttranslate\selectedtexttranslate\jsoncpp\include\json\reader.h(156): warning C4251: 'Json::Reader::errors_' : class 'std::deque<Json::Reader::ErrorInfo,std::allocator<_Ty>>' needs to have dll-interface to be used by clients of class 'Json::Reader'
                 with
                 [
                     _Ty=Json::Reader::ErrorInfo
                 ]
     1>c:\users\евгений\dropbox\projects\selectedtexttranslate\selectedtexttranslate\jsoncpp\include\json\reader.h(157): warning C4251: 'Json::Reader::document_' : class 'std::basic_string<char,std::char_traits<char>,std::allocator<char>>' needs to have dll-interface to be used by clients of class 'Json::Reader'
     1>c:\users\евгений\dropbox\projects\selectedtexttranslate\selectedtexttranslate\jsoncpp\include\json\reader.h(163): warning C4251: 'Json::Reader::commentsBefore_' : class 'std::basic_string<char,std::char_traits<char>,std::allocator<char>>' needs to have dll-interface to be used by clients of class 'Json::Reader'
         Generating Code...
       Link:
         C:\Program Files (x86)\Microsoft Visual Studio 12.0\VC\bin\link.exe /ERRORREPORT:PROMPT /OUT:"../../build/vs71/debug/lib_json\lib_json.dll" /NOLOGO kernel32.lib user32.lib gdi32.lib winspool.lib comdlg32.lib advapi32.lib shell32.lib ole32.lib oleaut32.lib uuid.lib odbc32.lib odbccp32.lib /MANIFEST /MANIFESTUAC:"level='asInvoker' uiAccess='false'" /manifest:embed /PDB:"../../build/vs71/debug/lib_json\lib_json.pdb" /TLBID:1 /DYNAMICBASE /NXCOMPAT /IMPLIB:"../../build/vs71/debug/lib_json\lib_json.lib" /MACHINE:X86 /SAFESEH /DLL ../../build/vs71/debug/lib_json\json_reader.obj
         ../../build/vs71/debug/lib_json\json_value.obj
         ../../build/vs71/debug/lib_json\json_writer.obj
     1>json_reader.obj : warning LNK4075: ignoring '/EDITANDCONTINUE' due to '/OPT:ICF' specification
            Creating library ../../build/vs71/debug/lib_json\lib_json.lib and object ../../build/vs71/debug/lib_json\lib_json.exp
         lib_json.vcxproj -> C:\Users\Евгений\Dropbox\Projects\SelectedTextTranslate\SelectedTextTranslate\jsoncpp\makefiles\vs71\../../build/vs71/debug/lib_json\lib_json.dll
     1>Done Building Project "C:\Users\Евгений\Dropbox\Projects\SelectedTextTranslate\SelectedTextTranslate\jsoncpp\makefiles\vs71\lib_json.vcxproj" (Rebuild target(s)).

Build succeeded.

Time Elapsed 00:00:03.50
